2021-06-08 10:53:56,469{GMT}	WARN	[main] jepsen.core: Test crashed!
java.nio.file.FileSystemException: store\current: A required privilege is not held by the client.

	at java.base/sun.nio.fs.WindowsException.translateToIOException(WindowsException.java:92)
	at java.base/sun.nio.fs.WindowsException.rethrowAsIOException(WindowsException.java:103)
	at java.base/sun.nio.fs.WindowsException.rethrowAsIOException(WindowsException.java:108)
	at java.base/sun.nio.fs.WindowsFileSystemProvider.createSymbolicLink(WindowsFileSystemProvider.java:585)
	at java.base/java.nio.file.Files.createSymbolicLink(Files.java:1059)
	at jepsen.store$update_symlink_BANG_.invokeStatic(store.clj:317)
	at jepsen.store$update_symlink_BANG_.invoke(store.clj:307)
	at jepsen.store$update_current_symlink_BANG_.invokeStatic(store.clj:324)
	at jepsen.store$update_current_symlink_BANG_.invoke(store.clj:320)
	at jepsen.store$start_logging_BANG_.invokeStatic(store.clj:431)
	at jepsen.store$start_logging_BANG_.invoke(store.clj:411)
	at jepsen.core$run_BANG_.invokeStatic(core.clj:347)
	at jepsen.core$run_BANG_.invoke(core.clj:276)
	at jepsen.cli$single_test_cmd$fn__10529.invoke(cli.clj:382)
	at jepsen.cli$run_BANG_.invokeStatic(cli.clj:317)
	at jepsen.cli$run_BANG_.invoke(cli.clj:246)
	at jepsen.servicefabric$_main.invokeStatic(servicefabric.clj:17)
	at jepsen.servicefabric$_main.doInvoke(servicefabric.clj:13)
	at clojure.lang.RestFn.invoke(RestFn.java:408)
	at clojure.lang.Var.invoke(Var.java:384)
	at user$eval140.invokeStatic(form-init17392553840888304089.clj:1)
	at user$eval140.invoke(form-init17392553840888304089.clj:1)
	at clojure.lang.Compiler.eval(Compiler.java:7176)
	at clojure.lang.Compiler.eval(Compiler.java:7166)
	at clojure.lang.Compiler.load(Compiler.java:7635)
	at clojure.lang.Compiler.loadFile(Compiler.java:7573)
	at clojure.main$load_script.invokeStatic(main.clj:452)
	at clojure.main$init_opt.invokeStatic(main.clj:454)
	at clojure.main$init_opt.invoke(main.clj:454)
	at clojure.main$initialize.invokeStatic(main.clj:485)
	at clojure.main$null_opt.invokeStatic(main.clj:519)
	at clojure.main$null_opt.invoke(main.clj:516)
	at clojure.main$main.invokeStatic(main.clj:598)
	at clojure.main$main.doInvoke(main.clj:561)
	at clojure.lang.RestFn.applyTo(RestFn.java:137)
	at clojure.lang.Var.applyTo(Var.java:705)
	at clojure.main.main(main.java:37)
